
> sativus_hackathon@0.1.0 dev
> next dev -p 5678

▲ Next.js 16.2.4 (Turbopack)
- Local:         http://localhost:5678
- Network:       http://100.73.20.4:5678
- Environments: .env.local, .env
✓ Ready in 195ms
⚠ Warning: Next.js inferred your workspace root, but it may not be correct.
 We detected multiple lockfiles and selected the directory of /home/sicloid/package-lock.json as the root directory.
 To silence this warning, set `turbopack.root` in your Next.js config, or consider removing one of the lockfiles if it's not needed.
   See https://nextjs.org/docs/app/api-reference/config/next-config-js/turbopack#root-directory for more information.
 Detected additional lockfiles: 
   * /home/sicloid/Desktop/sativus_hackathon/package-lock.json


 GET /randevu?aciliyet=Y%C3%BCksek&hizmet=Klinik&ozet=K%C3%B6pe%C4%9Fin+t%C3%BCr%C3%BCne+ayk%C4%B1r%C4%B1+davran%C4%B1%C5%9Flar+sergilemesi+ve+n%C3%B6rolojik%2Fdavran%C4%B1%C5%9Fsal+bozukluklar+g%C3%B6stermesi+ciddi+bir+sa%C4%9Fl%C4%B1k+sorununa+i%C5%9Faret+eder.+Acil+olarak+n%C3%B6rolojik+muayene+ve+kapsaml%C4%B1+bir+klinik+de%C4%9Ferlendirme+i%C3%A7in+veteriner+hekime+ba%C5%9Fvurulmal%C4%B1d%C4%B1r. 200 in 6.4s (next.js: 1667ms, application-code: 4.7s)
 GET /randevu 200 in 4.3s (next.js: 2ms, application-code: 4.3s)
 GET /randevu 200 in 2.6s (next.js: 3ms, application-code: 2.6s)
 GET /randevu?aciliyet=Y%C3%BCksek&hizmet=Klinik&ozet=K%C3%B6pe%C4%9Fin+t%C3%BCr%C3%BCne+ayk%C4%B1r%C4%B1+davran%C4%B1%C5%9Flar+sergilemesi+ve+n%C3%B6rolojik%2Fdavran%C4%B1%C5%9Fsal+bozukluklar+g%C3%B6stermesi+ciddi+bir+sa%C4%9Fl%C4%B1k+sorununa+i%C5%9Faret+eder.+Acil+olarak+n%C3%B6rolojik+muayene+ve+kapsaml%C4%B1+bir+klinik+de%C4%9Ferlendirme+i%C3%A7in+veteriner+hekime+ba%C5%9Fvurulmal%C4%B1d%C4%B1r. 200 in 2.6s (next.js: 2ms, application-code: 2.6s)
 GET /pet-karne 200 in 2.6s (next.js: 263ms, application-code: 2.3s)
 POST /randevu?aciliyet=Y%C3%BCksek&hizmet=Klinik&ozet=K%C3%B6pe%C4%9Fin+t%C3%BCr%C3%BCne+ayk%C4%B1r%C4%B1+davran%C4%B1%C5%9Flar+sergilemesi+ve+n%C3%B6rolojik%2Fdavran%C4%B1%C5%9Fsal+bozukluklar+g%C3%B6stermesi+ciddi+bir+sa%C4%9Fl%C4%B1k+sorununa+i%C5%9Faret+eder.+Acil+olarak+n%C3%B6rolojik+muayene+ve+kapsaml%C4%B1+bir+klinik+de%C4%9Ferlendirme+i%C3%A7in+veteriner+hekime+ba%C5%9Fvurulmal%C4%B1d%C4%B1r. 303 in 4.8s (next.js: 2ms, application-code: 4.8s)
  └─ ƒ bookAppointment({}) in 2195ms src/app/(rezervasyon)/randevu/actions.ts
[browser] Detected `scroll-behavior: smooth` on the `<html>` element. To disable smooth scrolling during route transitions, add `data-scroll-behavior="smooth"` to your <html> element. Learn more: https://nextjs.org/docs/messages/missing-data-scroll-behavior
 GET / 200 in 284ms (next.js: 232ms, application-code: 51ms)
[browser] Image with src "/lumina_band.png" has "fill" but is missing "sizes" prop. Please add it to improve page performance. Read more: https://nextjs.org/docs/api-reference/next/image#sizes
[browser] Image with src "/lumina_pods.png" has "fill" but is missing "sizes" prop. Please add it to improve page performance. Read more: https://nextjs.org/docs/api-reference/next/image#sizes
[browser] Image with src "/lumina_boom.png" has "fill" but is missing "sizes" prop. Please add it to improve page performance. Read more: https://nextjs.org/docs/api-reference/next/image#sizes
[browser] Image with src "/lumina_case.png" has "fill" but is missing "sizes" prop. Please add it to improve page performance. Read more: https://nextjs.org/docs/api-reference/next/image#sizes
 GET /ai-asistan 200 in 320ms (next.js: 266ms, application-code: 54ms)
 GET /randevu 200 in 2.3s (next.js: 1847µs, application-code: 2.3s)
 GET /hekim 200 in 4.2s (next.js: 293ms, application-code: 3.9s)
 GET /hekim 200 in 2.4s (next.js: 3ms, application-code: 2.4s)
 GET / 200 in 64ms (next.js: 10ms, application-code: 53ms)
[browser] Image with src "/lumina_band.png" has "fill" but is missing "sizes" prop. Please add it to improve page performance. Read more: https://nextjs.org/docs/api-reference/next/image#sizes
[browser] Image with src "/lumina_pods.png" has "fill" but is missing "sizes" prop. Please add it to improve page performance. Read more: https://nextjs.org/docs/api-reference/next/image#sizes
[browser] Image with src "/lumina_boom.png" has "fill" but is missing "sizes" prop. Please add it to improve page performance. Read more: https://nextjs.org/docs/api-reference/next/image#sizes
[browser] Image with src "/lumina_case.png" has "fill" but is missing "sizes" prop. Please add it to improve page performance. Read more: https://nextjs.org/docs/api-reference/next/image#sizes
✓ Compiled in 33ms
✓ Compiled in 32ms
✓ Compiled in 31ms
✓ Compiled in 31ms
✓ Compiled in 57ms
 GET / 200 in 113ms (next.js: 40ms, application-code: 73ms)
 GET / 200 in 69ms (next.js: 1128µs, application-code: 67ms)
 GET / 200 in 57ms (next.js: 4ms, application-code: 53ms)
 GET / 200 in 32ms (next.js: 3ms, application-code: 29ms)
✓ Compiled in 47ms
 GET / 200 in 116ms (next.js: 40ms, application-code: 77ms)
 GET / 200 in 56ms (next.js: 1777µs, application-code: 54ms)
 GET / 200 in 41ms (next.js: 3ms, application-code: 38ms)
 GET / 200 in 21ms (next.js: 3ms, application-code: 19ms)
 GET /hekim 200 in 4.0s (next.js: 21ms, application-code: 4.0s)
 GET /randevu 200 in 759ms (next.js: 14ms, application-code: 745ms)
 GET / 200 in 52ms (next.js: 1807µs, application-code: 50ms)
[browser] Image with src "/lumina_band.png" has "fill" but is missing "sizes" prop. Please add it to improve page performance. Read more: https://nextjs.org/docs/api-reference/next/image#sizes
[browser] Image with src "/lumina_pods.png" has "fill" but is missing "sizes" prop. Please add it to improve page performance. Read more: https://nextjs.org/docs/api-reference/next/image#sizes
[browser] Image with src "/lumina_boom.png" has "fill" but is missing "sizes" prop. Please add it to improve page performance. Read more: https://nextjs.org/docs/api-reference/next/image#sizes
[browser] Image with src "/lumina_case.png" has "fill" but is missing "sizes" prop. Please add it to improve page performance. Read more: https://nextjs.org/docs/api-reference/next/image#sizes
 GET /randevu 200 in 2.6s (next.js: 2ms, application-code: 2.6s)
✓ Compiled in 59ms
✓ Compiled in 40ms
 GET /randevu 200 in 2.5s (next.js: 2ms, application-code: 2.5s)
 GET /randevu 200 in 2.5s (next.js: 1398µs, application-code: 2.5s)
 GET /randevu 200 in 2.6s (next.js: 1908µs, application-code: 2.6s)
 GET /randevu 200 in 2.6s (next.js: 2ms, application-code: 2.6s)
 GET /randevu 200 in 2.7s (next.js: 61ms, application-code: 2.7s)
 GET /randevu 200 in 2.6s (next.js: 1418µs, application-code: 2.6s)
 GET /randevu 200 in 761ms (next.js: 3ms, application-code: 758ms)
 GET /randevu 200 in 681ms (next.js: 1361µs, application-code: 680ms)
 GET /randevu 200 in 699ms (next.js: 2ms, application-code: 697ms)
 GET /randevu 200 in 716ms (next.js: 1395µs, application-code: 714ms)
 GET /randevu 200 in 755ms (next.js: 1336µs, application-code: 754ms)
 GET /randevu 200 in 738ms (next.js: 1753µs, application-code: 736ms)
 GET /randevu 200 in 653ms (next.js: 4ms, application-code: 649ms)
 GET /randevu 200 in 765ms (next.js: 1218µs, application-code: 763ms)
 GET /randevu 200 in 751ms (next.js: 1204µs, application-code: 750ms)
 GET /randevu 200 in 733ms (next.js: 1148µs, application-code: 732ms)
 GET /randevu 200 in 782ms (next.js: 1570µs, application-code: 781ms)
 GET /randevu 200 in 720ms (next.js: 1249µs, application-code: 719ms)
 GET /hastane 200 in 273ms (next.js: 191ms, application-code: 82ms)
 GET /randevu 200 in 2.2s (next.js: 1822µs, application-code: 2.2s)
 GET /hastane 200 in 40ms (next.js: 2ms, application-code: 38ms)
 GET / 200 in 32ms (next.js: 13ms, application-code: 18ms)
[browser] Detected `scroll-behavior: smooth` on the `<html>` element. To disable smooth scrolling during route transitions, add `data-scroll-behavior="smooth"` to your <html> element. Learn more: https://nextjs.org/docs/messages/missing-data-scroll-behavior
[browser] Image with src "/lumina_band.png" has "fill" but is missing "sizes" prop. Please add it to improve page performance. Read more: https://nextjs.org/docs/api-reference/next/image#sizes
[browser] Image with src "/lumina_pods.png" has "fill" but is missing "sizes" prop. Please add it to improve page performance. Read more: https://nextjs.org/docs/api-reference/next/image#sizes
[browser] Image with src "/lumina_boom.png" has "fill" but is missing "sizes" prop. Please add it to improve page performance. Read more: https://nextjs.org/docs/api-reference/next/image#sizes
[browser] Image with src "/lumina_case.png" has "fill" but is missing "sizes" prop. Please add it to improve page performance. Read more: https://nextjs.org/docs/api-reference/next/image#sizes
 GET /hekim 200 in 4.2s (next.js: 50ms, application-code: 4.1s)
 GET /hekim 200 in 2.2s (next.js: 1581µs, application-code: 2.2s)
 GET / 200 in 19ms (next.js: 1539µs, application-code: 17ms)
 GET / 200 in 13ms (next.js: 1438µs, application-code: 11ms)
✓ Compiled in 59ms
 GET / 200 in 115ms (next.js: 40ms, application-code: 75ms)
 GET / 200 in 41ms (next.js: 1702µs, application-code: 39ms)
 GET / 200 in 20ms (next.js: 6ms, application-code: 14ms)
 GET /hastane 200 in 52ms (next.js: 22ms, application-code: 29ms)
 GET /hastane 200 in 74ms (next.js: 1332µs, application-code: 72ms)
 GET /hekim 200 in 2.4s (next.js: 27ms, application-code: 2.4s)
 GET /randevu 200 in 2.3s (next.js: 26ms, application-code: 2.3s)
[browser] Detected `scroll-behavior: smooth` on the `<html>` element. To disable smooth scrolling during route transitions, add `data-scroll-behavior="smooth"` to your <html> element. Learn more: https://nextjs.org/docs/messages/missing-data-scroll-behavior
 GET /hastane 200 in 22ms (next.js: 2ms, application-code: 20ms)
 GET /hastane 200 in 48ms (next.js: 1594µs, application-code: 46ms)
 GET /hastane 200 in 26ms (next.js: 3ms, application-code: 23ms)
 GET /hastane 200 in 51ms (next.js: 3ms, application-code: 48ms)
 GET /ai-asistan 200 in 39ms (next.js: 22ms, application-code: 17ms)
[browser] Detected `scroll-behavior: smooth` on the `<html>` element. To disable smooth scrolling during route transitions, add `data-scroll-behavior="smooth"` to your <html> element. Learn more: https://nextjs.org/docs/messages/missing-data-scroll-behavior
 GET /randevu 200 in 2.4s (next.js: 3ms, application-code: 2.4s)
 GET /pet-karne 200 in 2.4s (next.js: 26ms, application-code: 2.4s)
 GET /receteler 404 in 194ms (next.js: 176ms, application-code: 18ms)
 GET /receteler 404 in 24ms (next.js: 2ms, application-code: 22ms)
 GET /faturalar 404 in 22ms (next.js: 1726µs, application-code: 21ms)
 GET /egitim 404 in 25ms (next.js: 1465µs, application-code: 24ms)
 GET /egitim 404 in 24ms (next.js: 2ms, application-code: 22ms)
✓ Compiled in 44ms
✓ Compiled in 38ms
[browser] Uncaught Error: Internal Next.js error: Router action dispatched before initialization.
[browser] Uncaught Error: Internal Next.js error: Router action dispatched before initialization.
[browser] Uncaught Error: Internal Next.js error: Router action dispatched before initialization.
[browser] Uncaught Error: Internal Next.js error: Router action dispatched before initialization.
[browser] Uncaught Error: Internal Next.js error: Router action dispatched before initialization.
[browser] Uncaught Error: Internal Next.js error: Router action dispatched before initialization.
[browser] Uncaught Error: Internal Next.js error: Router action dispatched before initialization.
[browser] Uncaught Error: Internal Next.js error: Router action dispatched before initialization.
[browser] Uncaught Error: Internal Next.js error: Router action dispatched before initialization.
[browser] Uncaught Error: Internal Next.js error: Router action dispatched before initialization.
[browser] Uncaught Error: Internal Next.js error: Router action dispatched before initialization.
[browser] Uncaught Error: Internal Next.js error: Router action dispatched before initialization.
[browser] Uncaught Error: Internal Next.js error: Router action dispatched before initialization.
[browser] Uncaught Error: Internal Next.js error: Router action dispatched before initialization.
[browser] Uncaught Error: Internal Next.js error: Router action dispatched before initialization.
[browser] Uncaught Error: Internal Next.js error: Router action dispatched before initialization.
[browser] Uncaught Error: Internal Next.js error: Router action dispatched before initialization.
[browser] Uncaught Error: Internal Next.js error: Router action dispatched before initialization.
[browser] Uncaught Error: Internal Next.js error: Router action dispatched before initialization.
[browser] Uncaught Error: Internal Next.js error: Router action dispatched before initialization.
[browser] Uncaught Error: Internal Next.js error: Router action dispatched before initialization.
[browser] Uncaught Error: Internal Next.js error: Router action dispatched before initialization.
[browser] Uncaught Error: Internal Next.js error: Router action dispatched before initialization.
[browser] Uncaught Error: Internal Next.js error: Router action dispatched before initialization.
[browser] Uncaught Error: Internal Next.js error: Router action dispatched before initialization.
[browser] Uncaught Error: Internal Next.js error: Router action dispatched before initialization.
[browser] Uncaught Error: Internal Next.js error: Router action dispatched before initialization.
 GET /hastane 200 in 265ms (next.js: 210ms, application-code: 55ms)
 GET /hastane 200 in 28ms (next.js: 5ms, application-code: 23ms)
 GET /randevu 200 in 2.4s (next.js: 19ms, application-code: 2.4s)
[browser] Detected `scroll-behavior: smooth` on the `<html>` element. To disable smooth scrolling during route transitions, add `data-scroll-behavior="smooth"` to your <html> element. Learn more: https://nextjs.org/docs/messages/missing-data-scroll-behavior
 GET /pet-karne 200 in 2.3s (next.js: 24ms, application-code: 2.3s)
 GET /receteler 404 in 36ms (next.js: 18ms, application-code: 18ms)
 GET /receteler 404 in 24ms (next.js: 2ms, application-code: 22ms)
 GET /hekim 200 in 834ms (next.js: 28ms, application-code: 806ms)
[browser] Detected `scroll-behavior: smooth` on the `<html>` element. To disable smooth scrolling during route transitions, add `data-scroll-behavior="smooth"` to your <html> element. Learn more: https://nextjs.org/docs/messages/missing-data-scroll-behavior
 GET /hastane 200 in 18ms (next.js: 2ms, application-code: 16ms)
 GET /hastane 200 in 18ms (next.js: 2ms, application-code: 16ms)
 GET /hastane 200 in 20ms (next.js: 1742µs, application-code: 18ms)
 GET /hastane 200 in 15ms (next.js: 2ms, application-code: 13ms)
[?25h
