Retrieving project…
Deploying bicersukru15-2550s-projects/sativus_hackathon
Uploading [--------------------] (0.0B/123.7KB)
Uploading [=====---------------] (33.5KB/123.7KB)
Uploading [==========----------] (65.5KB/123.7KB)
Uploading [===============-----] (98.5KB/123.7KB)
Uploading [====================] (123.7KB/123.7KB)
Inspect: https://vercel.com/bicersukru15-2550s-projects/sativus_hackathon/BkxMmpgrusNSQT644QGc122jFtsn [5s]
Production: https://sativushackathon-igx742rmg-bicersukru15-2550s-projects.vercel.app [5s]
https://sativushackathon-igx742rmg-bicersukru15-2550s-projects.vercel.appBuilding...
Building: Running build in Washington, D.C., USA (East) – iad1
Building: Build machine configuration: 2 cores, 8 GB
Building: Retrieving list of deployment files...
Building: Downloading 95 deployment files...
Building: Restored build cache from previous deployment (7GGzwhUeE4WqBohfvFqLNTXrJdBn)
Building: Running "vercel build"
Building: Vercel CLI 51.6.1
Building: Installing dependencies...
Building: Installing dependencies...
Building: > sativus_hackathon@0.1.0 postinstall
Building: > prisma generate
Building: ◇ injected env (1) from .env // tip: ⌘ enable debugging { debug: true }
Building: Loaded Prisma config from prisma.config.ts.
Building: Prisma schema loaded from prisma/schema.prisma.
Building: ✔ Generated Prisma Client (v7.8.0) to ./node_modules/@prisma/client in 165ms
Building: Start by importing your Prisma Client (See: https://pris.ly/d/importing-client)
Building: added 121 packages in 10s
Building: 159 packages are looking for funding
Building: run `npm fund` for details
Building: Detected Next.js version: 16.2.4
Building: Running "npm run build"
Building: > sativus_hackathon@0.1.0 build
Building: > next build
Building: Applying modifyConfig from Vercel
Building: ▲ Next.js 16.2.4 (Turbopack)
Building: - Environments: .env
Building: ⚠ The "middleware" file convention is deprecated. Please use "proxy" instead. Learn more: https://nextjs.org/docs/messages/middleware-to-proxy
Building: Creating an optimized production build ...
Building: ✓ Compiled successfully in 11.6s
Building: Running TypeScript ...
Building: Finished TypeScript in 6.0s ...
Building: Collecting page data using 1 worker ...
Building: Generating static pages using 1 worker (0/17) ...
Building: Error occurred prerendering page "/odeme/basarili". Read more: https://nextjs.org/docs/messages/prerender-error
Building: Error: @supabase/ssr: Your project's URL and API key are required to create a Supabase client!
Building: Check your Supabase project's API settings to find these values
Building: https://supabase.com/dashboard/project/_/settings/api
Building: at <unknown> (https://supabase.com/dashboard/project/_/settings/api)
Building: at <unknown> (.next/server/chunks/ssr/_0s93c00._.js:55:175)
Building: at <unknown> (.next/server/chunks/ssr/_0s93c00._.js:59:4581) {
Building: digest: '1761684755'
Building: }
Building: Export encountered an error on /(magaza)/odeme/basarili/page: /odeme/basarili, exiting the build.
Building: ⨯ Next.js build worker exited with code: 1 and signal: null
Building: Error: Command "npm run build" exited with 1
Error: Command "npm run build" exited with 1
