Retrieving project…
Deploying bicersukru15-2550s-projects/sativus_hackathon
Inspect: https://vercel.com/bicersukru15-2550s-projects/sativus_hackathon/2FM1XLrMxRDa7tmv5J6ucMXjMUZy [3s]
Production: https://sativushackathon-mmvaffhr9-bicersukru15-2550s-projects.vercel.app [3s]
https://sativushackathon-mmvaffhr9-bicersukru15-2550s-projects.vercel.appBuilding...
Building...
Building: Running build in Washington, D.C., USA (East) – iad1
Building: Build machine configuration: 2 cores, 8 GB
Building: Retrieving list of deployment files...
Building: Downloading 96 deployment files...
Building: Restored build cache from previous deployment (7GGzwhUeE4WqBohfvFqLNTXrJdBn)
Building: Running "vercel build"
Building: Vercel CLI 51.6.1
Building: Installing dependencies...
Building: > sativus_hackathon@0.1.0 postinstall
Building: > prisma generate
Building: ◇ injected env (1) from .env // tip: ◈ secrets for agents [www.dotenvx.com]
Building: Loaded Prisma config from prisma.config.ts.
Building: Prisma schema loaded from prisma/schema.prisma.
Building: ✔ Generated Prisma Client (v7.8.0) to ./node_modules/@prisma/client in 127ms
Building: Start by importing your Prisma Client (See: https://pris.ly/d/importing-client)
Building: added 121 packages in 9s
Building: 159 packages are looking for funding
Building: run `npm fund` for details
Building: Detected Next.js version: 16.2.4
Building: Running "npm run build"
Building: > sativus_hackathon@0.1.0 build
Building: > next build
Building: Applying modifyConfig from Vercel
Building: ▲ Next.js 16.2.4 (Turbopack)
Building: - Environments: .env
Building: ⚠ The "middleware" file convention is deprecated. Please use "proxy" instead. Learn more: https://nextjs.org/docs/messages/middleware-to-proxy
Building: Creating an optimized production build ...
Building: ✓ Compiled successfully in 11.3s
Building: Running TypeScript ...
Building: Finished TypeScript in 5.9s ...
Building: Collecting page data using 1 worker ...
Building: Generating static pages using 1 worker (0/17) ...
Building: Generating static pages using 1 worker (4/17)
Building: Generating static pages using 1 worker (8/17)
Building: Error occurred prerendering page "/pet-karne". Read more: https://nextjs.org/docs/messages/prerender-error
Building: Error [PrismaClientKnownRequestError]:
Building: Invalid `prisma.appointment.findMany()` invocation:
Building: Can't reach database server at 127.0.0.1:5432
Building: at <unknown> (Can't reach database server at 127.0.0.1:5432)
Building: at async h (.next/server/chunks/ssr/[root-of-the-server]__0mq.j-b._.js:1:2973) {
Building: code: 'P1001',
Building: meta: {
Building: modelName: 'Appointment',
Building: driverAdapterError: Error [DriverAdapterError]: DatabaseNotReachable
Building: at F.onError (.next/server/chunks/ssr/[root-of-the-server]__0lgf.p1._.js:1:11852)
Building: at F.performIO (.next/server/chunks/ssr/[root-of-the-server]__0lgf.p1._.js:1:11793)
Building: at async F.queryRaw (.next/server/chunks/ssr/[root-of-the-server]__0lgf.p1._.js:1:8379) {
Building: [cause]: [Object]
Building: }
Building: },
Building: clientVersion: '7.8.0',
Building: digest: '801882465'
Building: }
Building: Export encountered an error on /(rezervasyon)/pet-karne/page: /pet-karne, exiting the build.
Building: ⨯ Next.js build worker exited with code: 1 and signal: null
Building: Error: Command "npm run build" exited with 1
Error: Command "npm run build" exited with 1
